[17:10:16] [info] HAZEL: Creating window Hazelnut (1600, 900)
[17:10:16] [info] HAZEL: OpenGL Info:
[17:10:16] [info] HAZEL:   Vendor: NVIDIA Corporation
[17:10:16] [info] HAZEL:   Renderer: NVIDIA GeForce GTX 1070/PCIe/SSE2
[17:10:16] [info] HAZEL:   Version: 4.6.0 NVIDIA 531.18
[17:10:16] [warning] HAZEL: Pixel data = 1036831949
[17:10:16] [warning] HAZEL: Pixel data = 1036831949
[17:10:16] [warning] HAZEL: Pixel data = 1036831949
[17:10:16] [warning] HAZEL: Pixel data = 1036831949
[17:10:16] [warning] HAZEL: Pixel data = 1036831949
[17:10:17] [warning] HAZEL: Pixel data = 1036831949
[17:10:17] [warning] HAZEL: Pixel data = 1036831949
[17:10:17] [warning] HAZEL: Pixel data = 1036831949
[17:10:17] [warning] HAZEL: Pixel data = 1036831949
[17:10:17] [warning] HAZEL: Pixel data = 1036831949
[17:10:17] [warning] HAZEL: Pixel data = 1036831949
[17:10:17] [warning] HAZEL: Pixel data = 1036831949
[17:10:17] [warning] HAZEL: Pixel data = 1036831949
[17:10:17] [warning] HAZEL: Pixel data = 1036831949
[17:10:17] [warning] HAZEL: Pixel data = 1036831949
[17:10:17] [warning] HAZEL: Pixel data = 1036831949
[17:10:17] [warning] HAZEL: Pixel data = 1036831949
[17:10:17] [warning] HAZEL: Pixel data = 1036831949
[17:10:17] [warning] HAZEL: Pixel data = 1036831949
[17:10:17] [warning] HAZEL: Pixel data = 1036831949
[17:10:17] [warning] HAZEL: Pixel data = 1036831949
[17:10:17] [warning] HAZEL: Pixel data = 1036831949
[17:10:17] [warning] HAZEL: Pixel data = 1036831949
[17:10:17] [warning] HAZEL: Pixel data = 1036831949
[17:10:17] [warning] HAZEL: Pixel data = 1036831949
[17:10:17] [warning] HAZEL: Pixel data = 1036831949
[17:10:17] [warning] HAZEL: Pixel data = 1036831949
[17:10:17] [warning] HAZEL: Pixel data = 1036831949
[17:10:17] [warning] HAZEL: Pixel data = 1036831949
[17:10:17] [warning] HAZEL: Pixel data = 1036831949
[17:10:17] [warning] HAZEL: Pixel data = 1036831949
[17:10:17] [warning] HAZEL: Pixel data = 1036831949
[17:10:17] [warning] HAZEL: Pixel data = 1036831949
[17:10:17] [warning] HAZEL: Pixel data = 1036831949
[17:10:17] [warning] HAZEL: Pixel data = 1036831949
[17:10:17] [warning] HAZEL: Pixel data = 1036831949
[17:10:17] [warning] HAZEL: Pixel data = 1036831949
[17:10:17] [warning] HAZEL: Pixel data = 1036831949
[17:10:17] [warning] HAZEL: Pixel data = 1036831949
[17:10:17] [warning] HAZEL: Pixel data = 1036831949
[17:10:17] [warning] HAZEL: Pixel data = 1036831949
[17:10:17] [warning] HAZEL: Pixel data = 1036831949
[17:10:17] [warning] HAZEL: Pixel data = 1036831949
[17:10:17] [warning] HAZEL: Pixel data = 1036831949
[17:10:17] [warning] HAZEL: Pixel data = 1036831949
[17:10:17] [warning] HAZEL: Pixel data = 1036831949
[17:10:17] [warning] HAZEL: Pixel data = 1036831949
[17:10:17] [warning] HAZEL: Pixel data = 1036831949
[17:10:17] [warning] HAZEL: Pixel data = 1036831949
[17:10:17] [warning] HAZEL: Pixel data = 1036831949
[17:10:17] [warning] HAZEL: Pixel data = 1036831949
[17:10:17] [warning] HAZEL: Pixel data = 1036831949
[17:10:18] [warning] HAZEL: Pixel data = 1036831949
[17:10:28] [warning] HAZEL: Pixel data = 1036831949
[17:10:28] [warning] HAZEL: Pixel data = 1036831949
[17:10:28] [warning] HAZEL: Pixel data = 1036831949
[17:10:28] [warning] HAZEL: Pixel data = 1036831949
[17:10:28] [warning] HAZEL: Pixel data = 1036831949
[17:10:28] [warning] HAZEL: Pixel data = 1036831949
[17:10:28] [warning] HAZEL: Pixel data = 1036831949
[17:10:28] [warning] HAZEL: Pixel data = 1036831949
[17:10:28] [warning] HAZEL: Pixel data = 1036831949
[17:10:33] [trace] HAZEL: Deserializing scene 'Untitled'
[17:10:33] [trace] HAZEL: Deserialized entity with ID = 12837192831273, name = Top
[17:10:33] [trace] HAZEL: Deserialized entity with ID = 12837192831273, name = Camera
[17:10:33] [trace] HAZEL: Deserialized entity with ID = 12837192831273, name = Right
[17:10:33] [trace] HAZEL: Deserialized entity with ID = 12837192831273, name = Left
[17:10:34] [warning] HAZEL: Pixel data = 1036831949
[17:10:34] [warning] HAZEL: Pixel data = 1036831949
[17:10:34] [warning] HAZEL: Pixel data = 1036831949
[17:10:34] [warning] HAZEL: Pixel data = 50
[17:10:34] [warning] HAZEL: Pixel data = 50
[17:10:34] [warning] HAZEL: Pixel data = 50
[17:10:34] [warning] HAZEL: Pixel data = 50
[17:10:34] [warning] HAZEL: Pixel data = 50
[17:10:34] [warning] HAZEL: Pixel data = 50
[17:10:34] [warning] HAZEL: Pixel data = 50
[17:10:34] [warning] HAZEL: Pixel data = 50
[17:10:34] [warning] HAZEL: Pixel data = 50
[17:10:34] [warning] HAZEL: Pixel data = 50
[17:10:34] [warning] HAZEL: Pixel data = 50
[17:10:34] [warning] HAZEL: Pixel data = 50
[17:10:34] [warning] HAZEL: Pixel data = 50
[17:10:34] [warning] HAZEL: Pixel data = 50
[17:10:34] [warning] HAZEL: Pixel data = 50
[17:10:34] [warning] HAZEL: Pixel data = 50
[17:10:34] [warning] HAZEL: Pixel data = 50
[17:10:34] [warning] HAZEL: Pixel data = 50
[17:10:34] [warning] HAZEL: Pixel data = 50
[17:10:34] [warning] HAZEL: Pixel data = 50
[17:10:34] [warning] HAZEL: Pixel data = 50
[17:10:34] [warning] HAZEL: Pixel data = 50
[17:10:34] [warning] HAZEL: Pixel data = 50
[17:10:34] [warning] HAZEL: Pixel data = 50
[17:10:34] [warning] HAZEL: Pixel data = 50
[17:10:34] [warning] HAZEL: Pixel data = 50
[17:10:34] [warning] HAZEL: Pixel data = 50
[17:10:34] [warning] HAZEL: Pixel data = 50
[17:10:34] [warning] HAZEL: Pixel data = 50
[17:10:34] [warning] HAZEL: Pixel data = 50
[17:10:34] [warning] HAZEL: Pixel data = 50
[17:10:34] [warning] HAZEL: Pixel data = 50
[17:10:35] [warning] HAZEL: Pixel data = 50
[17:10:35] [warning] HAZEL: Pixel data = 50
[17:10:35] [warning] HAZEL: Pixel data = 50
[17:10:35] [warning] HAZEL: Pixel data = 50
[17:10:35] [warning] HAZEL: Pixel data = 50
[17:10:35] [warning] HAZEL: Pixel data = 50
[17:10:35] [warning] HAZEL: Pixel data = 50
[17:10:35] [warning] HAZEL: Pixel data = 50
[17:10:35] [warning] HAZEL: Pixel data = 50
[17:10:35] [warning] HAZEL: Pixel data = 50
[17:10:35] [warning] HAZEL: Pixel data = 50
[17:10:35] [warning] HAZEL: Pixel data = 50
[17:10:35] [warning] HAZEL: Pixel data = 50
[17:10:35] [warning] HAZEL: Pixel data = 50
[17:10:35] [warning] HAZEL: Pixel data = 50
[17:10:35] [warning] HAZEL: Pixel data = 50
[17:10:35] [warning] HAZEL: Pixel data = 50
[17:10:35] [warning] HAZEL: Pixel data = 50
[17:10:35] [warning] HAZEL: Pixel data = 50
[17:10:35] [warning] HAZEL: Pixel data = 50
[17:10:35] [warning] HAZEL: Pixel data = 50
[17:10:35] [warning] HAZEL: Pixel data = 50
[17:10:35] [warning] HAZEL: Pixel data = 50
[17:10:35] [warning] HAZEL: Pixel data = 50
[17:10:35] [warning] HAZEL: Pixel data = 50
[17:10:35] [warning] HAZEL: Pixel data = 50
[17:10:35] [warning] HAZEL: Pixel data = 50
[17:10:35] [warning] HAZEL: Pixel data = 50
[17:10:35] [warning] HAZEL: Pixel data = 50
[17:10:35] [warning] HAZEL: Pixel data = 50
[17:10:35] [warning] HAZEL: Pixel data = 50
[17:10:35] [warning] HAZEL: Pixel data = 50
[17:10:35] [warning] HAZEL: Pixel data = 50
[17:10:35] [warning] HAZEL: Pixel data = 50
[17:10:35] [warning] HAZEL: Pixel data = 50
[17:10:35] [warning] HAZEL: Pixel data = 50
[17:10:35] [warning] HAZEL: Pixel data = 50
[17:10:35] [warning] HAZEL: Pixel data = 50
[17:10:35] [warning] HAZEL: Pixel data = 50
[17:10:35] [warning] HAZEL: Pixel data = 50
[17:10:35] [warning] HAZEL: Pixel data = 50
[17:10:35] [warning] HAZEL: Pixel data = 1036831949
[17:10:35] [warning] HAZEL: Pixel data = 1036831949
[17:10:35] [warning] HAZEL: Pixel data = 1036831949
[17:10:42] [warning] HAZEL: Pixel data = 50
[17:10:42] [warning] HAZEL: Pixel data = 50
[17:10:42] [warning] HAZEL: Pixel data = 50
[17:10:42] [warning] HAZEL: Pixel data = 50
[17:10:42] [warning] HAZEL: Pixel data = 50
[17:10:42] [warning] HAZEL: Pixel data = 50
[17:10:42] [warning] HAZEL: Pixel data = 50
[17:10:42] [warning] HAZEL: Pixel data = 50
[17:10:42] [warning] HAZEL: Pixel data = 50
[17:10:42] [warning] HAZEL: Pixel data = 50
[17:10:42] [warning] HAZEL: Pixel data = 50
[17:10:42] [warning] HAZEL: Pixel data = 50
[17:10:42] [warning] HAZEL: Pixel data = 50
[17:10:42] [warning] HAZEL: Pixel data = 50
[17:10:42] [warning] HAZEL: Pixel data = 50
[17:10:42] [warning] HAZEL: Pixel data = 50
[17:10:42] [warning] HAZEL: Pixel data = 50
[17:10:42] [warning] HAZEL: Pixel data = 50
[17:10:42] [warning] HAZEL: Pixel data = 50
[17:10:42] [warning] HAZEL: Pixel data = 50
[17:10:42] [warning] HAZEL: Pixel data = 50
[17:10:42] [warning] HAZEL: Pixel data = 50
[17:10:42] [warning] HAZEL: Pixel data = 50
[17:10:42] [warning] HAZEL: Pixel data = 50
[17:10:42] [warning] HAZEL: Pixel data = 50
[17:10:42] [warning] HAZEL: Pixel data = 50
[17:10:42] [warning] HAZEL: Pixel data = 50
[17:10:42] [warning] HAZEL: Pixel data = 50
[17:10:42] [warning] HAZEL: Pixel data = 50
[17:10:42] [warning] HAZEL: Pixel data = 50
[17:10:42] [warning] HAZEL: Pixel data = 50
[17:10:42] [warning] HAZEL: Pixel data = 50
[17:10:42] [warning] HAZEL: Pixel data = 50
[17:10:42] [warning] HAZEL: Pixel data = 50
[17:10:42] [warning] HAZEL: Pixel data = 50
[17:10:42] [warning] HAZEL: Pixel data = 50
[17:10:42] [warning] HAZEL: Pixel data = 50
[17:10:42] [warning] HAZEL: Pixel data = 50
[17:10:42] [warning] HAZEL: Pixel data = 50
[17:10:42] [warning] HAZEL: Pixel data = 50
[17:10:42] [warning] HAZEL: Pixel data = 50
[17:10:42] [warning] HAZEL: Pixel data = 50
[17:10:42] [warning] HAZEL: Pixel data = 50
[17:10:42] [warning] HAZEL: Pixel data = 50
[17:10:42] [warning] HAZEL: Pixel data = 50
[17:10:42] [warning] HAZEL: Pixel data = 50
[17:10:42] [warning] HAZEL: Pixel data = 50
[17:10:42] [warning] HAZEL: Pixel data = 50
[17:10:42] [warning] HAZEL: Pixel data = 50
[17:10:42] [warning] HAZEL: Pixel data = 50
[17:10:42] [warning] HAZEL: Pixel data = 50
[17:10:42] [warning] HAZEL: Pixel data = 50
[17:10:42] [warning] HAZEL: Pixel data = 50
[17:10:42] [warning] HAZEL: Pixel data = 50
[17:10:42] [warning] HAZEL: Pixel data = 50
[17:10:42] [warning] HAZEL: Pixel data = 50
[17:10:42] [warning] HAZEL: Pixel data = 50
[17:10:43] [warning] HAZEL: Pixel data = 50
[17:10:43] [warning] HAZEL: Pixel data = 50
[17:10:43] [warning] HAZEL: Pixel data = 50
[17:10:43] [warning] HAZEL: Pixel data = 50
[17:10:43] [warning] HAZEL: Pixel data = 50
[17:10:43] [warning] HAZEL: Pixel data = 50
[17:10:43] [warning] HAZEL: Pixel data = 50
[17:10:43] [warning] HAZEL: Pixel data = 50
[17:10:43] [warning] HAZEL: Pixel data = 50
[17:10:43] [warning] HAZEL: Pixel data = 50
[17:10:43] [warning] HAZEL: Pixel data = 50
[17:10:43] [warning] HAZEL: Pixel data = 50
[17:10:43] [warning] HAZEL: Pixel data = 50
[17:10:43] [warning] HAZEL: Pixel data = 50
[17:10:43] [warning] HAZEL: Pixel data = 50
[17:10:43] [warning] HAZEL: Pixel data = 50
[17:10:43] [warning] HAZEL: Pixel data = 50
[17:10:43] [warning] HAZEL: Pixel data = 50
[17:10:43] [warning] HAZEL: Pixel data = 50
[17:10:43] [warning] HAZEL: Pixel data = 50
[17:10:43] [warning] HAZEL: Pixel data = 50
[17:10:43] [warning] HAZEL: Pixel data = 50
[17:10:43] [warning] HAZEL: Pixel data = 50
[17:10:43] [warning] HAZEL: Pixel data = 50
[17:10:43] [warning] HAZEL: Pixel data = 50
[17:10:43] [warning] HAZEL: Pixel data = 50
[17:10:43] [warning] HAZEL: Pixel data = 50
[17:10:43] [warning] HAZEL: Pixel data = 50
[17:10:43] [warning] HAZEL: Pixel data = 50
[17:10:43] [warning] HAZEL: Pixel data = 50
[17:10:43] [warning] HAZEL: Pixel data = 50
[17:10:43] [warning] HAZEL: Pixel data = 50
[17:10:43] [warning] HAZEL: Pixel data = 50
[17:10:43] [warning] HAZEL: Pixel data = 50
[17:10:43] [warning] HAZEL: Pixel data = 50
[17:10:43] [warning] HAZEL: Pixel data = 50
[17:10:43] [warning] HAZEL: Pixel data = 50
[17:10:43] [warning] HAZEL: Pixel data = 50
[17:10:43] [warning] HAZEL: Pixel data = 50
[17:10:43] [warning] HAZEL: Pixel data = 50
[17:10:43] [warning] HAZEL: Pixel data = 50
[17:10:43] [warning] HAZEL: Pixel data = 50
[17:10:43] [warning] HAZEL: Pixel data = 50
[17:10:43] [warning] HAZEL: Pixel data = 50
[17:10:43] [warning] HAZEL: Pixel data = 50
[17:10:43] [warning] HAZEL: Pixel data = 50
[17:10:43] [warning] HAZEL: Pixel data = 50
[17:10:43] [warning] HAZEL: Pixel data = 50
[17:10:43] [warning] HAZEL: Pixel data = 50
[17:10:43] [warning] HAZEL: Pixel data = 50
[17:10:43] [warning] HAZEL: Pixel data = 50
[17:10:43] [warning] HAZEL: Pixel data = 50
[17:10:43] [warning] HAZEL: Pixel data = 50
[17:10:43] [warning] HAZEL: Pixel data = 50
[17:10:43] [warning] HAZEL: Pixel data = 50
[17:10:43] [warning] HAZEL: Pixel data = 50
[17:10:43] [warning] HAZEL: Pixel data = 50
[17:10:43] [warning] HAZEL: Pixel data = 50
[17:10:43] [warning] HAZEL: Pixel data = 50
[17:10:43] [warning] HAZEL: Pixel data = 50
[17:10:44] [warning] HAZEL: Pixel data = 50
[17:10:44] [warning] HAZEL: Pixel data = 50
[17:10:44] [warning] HAZEL: Pixel data = 50
[17:10:44] [warning] HAZEL: Pixel data = 50
[17:10:44] [warning] HAZEL: Pixel data = 50
[17:10:44] [warning] HAZEL: Pixel data = 50
[17:10:44] [warning] HAZEL: Pixel data = 50
[17:10:44] [warning] HAZEL: Pixel data = 50
[17:10:44] [warning] HAZEL: Pixel data = 50
[17:10:44] [warning] HAZEL: Pixel data = 50
[17:10:44] [warning] HAZEL: Pixel data = 50
[17:10:44] [warning] HAZEL: Pixel data = 50
[17:10:44] [warning] HAZEL: Pixel data = 50
[17:10:44] [warning] HAZEL: Pixel data = 50
[17:10:44] [warning] HAZEL: Pixel data = 50
[17:10:44] [warning] HAZEL: Pixel data = 50
[17:10:44] [warning] HAZEL: Pixel data = 50
[17:10:44] [warning] HAZEL: Pixel data = 50
[17:10:44] [warning] HAZEL: Pixel data = 50
[17:10:44] [warning] HAZEL: Pixel data = 50
[17:10:44] [warning] HAZEL: Pixel data = 50
[17:10:44] [warning] HAZEL: Pixel data = 50
[17:10:44] [warning] HAZEL: Pixel data = 50
[17:10:44] [warning] HAZEL: Pixel data = 50
[17:10:44] [warning] HAZEL: Pixel data = 50
[17:10:44] [warning] HAZEL: Pixel data = 50
[17:10:44] [warning] HAZEL: Pixel data = 50
[17:10:44] [warning] HAZEL: Pixel data = 50
[17:10:44] [warning] HAZEL: Pixel data = 50
[17:10:44] [warning] HAZEL: Pixel data = 50
[17:10:44] [warning] HAZEL: Pixel data = 50
[17:10:44] [warning] HAZEL: Pixel data = 50
[17:10:44] [warning] HAZEL: Pixel data = 50
[17:10:44] [warning] HAZEL: Pixel data = 50
[17:10:44] [warning] HAZEL: Pixel data = 50
[17:10:44] [warning] HAZEL: Pixel data = 50
[17:10:44] [warning] HAZEL: Pixel data = 50
[17:10:44] [warning] HAZEL: Pixel data = 50
[17:10:44] [warning] HAZEL: Pixel data = 50
[17:10:44] [warning] HAZEL: Pixel data = 50
[17:10:44] [warning] HAZEL: Pixel data = 50
[17:10:44] [warning] HAZEL: Pixel data = 50
[17:10:44] [warning] HAZEL: Pixel data = 50
[17:10:44] [warning] HAZEL: Pixel data = 50
[17:10:44] [warning] HAZEL: Pixel data = 50
[17:10:44] [warning] HAZEL: Pixel data = 50
[17:10:44] [warning] HAZEL: Pixel data = 50
[17:10:44] [warning] HAZEL: Pixel data = 50
[17:10:44] [warning] HAZEL: Pixel data = 50
[17:10:44] [warning] HAZEL: Pixel data = 50
[17:10:44] [warning] HAZEL: Pixel data = 50
[17:10:44] [warning] HAZEL: Pixel data = 50
[17:10:44] [warning] HAZEL: Pixel data = 50
[17:10:44] [warning] HAZEL: Pixel data = 50
[17:10:44] [warning] HAZEL: Pixel data = 50
[17:10:44] [warning] HAZEL: Pixel data = 50
[17:10:44] [warning] HAZEL: Pixel data = 50
[17:10:44] [warning] HAZEL: Pixel data = 50
[17:10:44] [warning] HAZEL: Pixel data = 50
[17:10:44] [warning] HAZEL: Pixel data = 50
[17:10:45] [warning] HAZEL: Pixel data = 50
[17:10:45] [warning] HAZEL: Pixel data = 50
[17:10:45] [warning] HAZEL: Pixel data = 50
[17:10:45] [warning] HAZEL: Pixel data = 50
[17:10:45] [warning] HAZEL: Pixel data = 50
[17:10:45] [warning] HAZEL: Pixel data = 50
[17:10:45] [warning] HAZEL: Pixel data = 50
[17:10:45] [warning] HAZEL: Pixel data = 50
[17:10:45] [warning] HAZEL: Pixel data = 50
[17:10:45] [warning] HAZEL: Pixel data = 50
[17:10:45] [warning] HAZEL: Pixel data = 50
[17:10:45] [warning] HAZEL: Pixel data = 50
[17:10:45] [warning] HAZEL: Pixel data = 50
[17:10:45] [warning] HAZEL: Pixel data = 50
[17:10:45] [warning] HAZEL: Pixel data = 50
[17:10:45] [warning] HAZEL: Pixel data = 50
[17:10:45] [warning] HAZEL: Pixel data = 50
[17:10:45] [warning] HAZEL: Pixel data = 50
[17:10:45] [warning] HAZEL: Pixel data = 50
[17:10:45] [warning] HAZEL: Pixel data = 50
[17:10:45] [warning] HAZEL: Pixel data = 50
[17:10:45] [warning] HAZEL: Pixel data = 50
[17:10:45] [warning] HAZEL: Pixel data = 50
[17:10:45] [warning] HAZEL: Pixel data = 50
[17:10:45] [warning] HAZEL: Pixel data = 50
[17:10:45] [warning] HAZEL: Pixel data = 50
[17:10:45] [warning] HAZEL: Pixel data = 50
[17:10:45] [warning] HAZEL: Pixel data = 50
[17:10:45] [warning] HAZEL: Pixel data = 50
[17:10:45] [warning] HAZEL: Pixel data = 50
[17:10:45] [warning] HAZEL: Pixel data = 50
[17:10:45] [warning] HAZEL: Pixel data = 50
[17:10:45] [warning] HAZEL: Pixel data = 50
[17:10:45] [warning] HAZEL: Pixel data = 50
[17:10:45] [warning] HAZEL: Pixel data = 50
[17:10:45] [warning] HAZEL: Pixel data = 50
[17:10:45] [warning] HAZEL: Pixel data = 50
[17:10:45] [warning] HAZEL: Pixel data = 50
[17:10:45] [warning] HAZEL: Pixel data = 50
[17:10:45] [warning] HAZEL: Pixel data = 50
[17:10:45] [warning] HAZEL: Pixel data = 50
[17:10:45] [warning] HAZEL: Pixel data = 50
[17:10:45] [warning] HAZEL: Pixel data = 50
[17:10:45] [warning] HAZEL: Pixel data = 50
[17:10:45] [warning] HAZEL: Pixel data = 50
[17:10:45] [warning] HAZEL: Pixel data = 50
[17:10:45] [warning] HAZEL: Pixel data = 50
[17:10:45] [warning] HAZEL: Pixel data = 50
[17:10:45] [warning] HAZEL: Pixel data = 50
[17:10:45] [warning] HAZEL: Pixel data = 50
[17:10:45] [warning] HAZEL: Pixel data = 50
[17:10:45] [warning] HAZEL: Pixel data = 50
[17:10:45] [warning] HAZEL: Pixel data = 50
[17:10:45] [warning] HAZEL: Pixel data = 50
[17:10:45] [warning] HAZEL: Pixel data = 50
[17:10:45] [warning] HAZEL: Pixel data = 50
[17:10:45] [warning] HAZEL: Pixel data = 50
[17:10:45] [warning] HAZEL: Pixel data = 50
[17:10:45] [warning] HAZEL: Pixel data = 50
[17:10:45] [warning] HAZEL: Pixel data = 50
[17:10:46] [warning] HAZEL: Pixel data = 50
[17:10:46] [warning] HAZEL: Pixel data = 50
[17:10:46] [warning] HAZEL: Pixel data = 50
[17:10:46] [warning] HAZEL: Pixel data = 50
[17:10:46] [warning] HAZEL: Pixel data = 50
[17:10:46] [warning] HAZEL: Pixel data = 50
[17:10:46] [warning] HAZEL: Pixel data = 50
[17:10:46] [warning] HAZEL: Pixel data = 50
[17:10:46] [warning] HAZEL: Pixel data = 50
[17:10:46] [warning] HAZEL: Pixel data = 50
[17:10:46] [warning] HAZEL: Pixel data = 50
[17:10:46] [warning] HAZEL: Pixel data = 50
[17:10:46] [warning] HAZEL: Pixel data = 50
[17:10:46] [warning] HAZEL: Pixel data = 50
[17:10:46] [warning] HAZEL: Pixel data = 50
[17:10:46] [warning] HAZEL: Pixel data = 50
[17:10:46] [warning] HAZEL: Pixel data = 50
[17:10:46] [warning] HAZEL: Pixel data = 50
[17:10:46] [warning] HAZEL: Pixel data = 50
[17:10:46] [warning] HAZEL: Pixel data = 50
[17:10:46] [warning] HAZEL: Pixel data = 50
[17:10:46] [warning] HAZEL: Pixel data = 50
[17:10:46] [warning] HAZEL: Pixel data = 50
[17:10:46] [warning] HAZEL: Pixel data = 50
[17:10:46] [warning] HAZEL: Pixel data = 50
[17:10:46] [warning] HAZEL: Pixel data = 50
[17:10:46] [warning] HAZEL: Pixel data = 50
[17:10:46] [warning] HAZEL: Pixel data = 50
[17:10:46] [warning] HAZEL: Pixel data = 50
[17:10:46] [warning] HAZEL: Pixel data = 50
[17:10:46] [warning] HAZEL: Pixel data = 50
[17:10:46] [warning] HAZEL: Pixel data = 50
[17:10:46] [warning] HAZEL: Pixel data = 50
[17:10:46] [warning] HAZEL: Pixel data = 50
[17:10:46] [warning] HAZEL: Pixel data = 50
[17:10:46] [warning] HAZEL: Pixel data = 50
[17:10:46] [warning] HAZEL: Pixel data = 50
[17:10:46] [warning] HAZEL: Pixel data = 50
[17:10:46] [warning] HAZEL: Pixel data = 50
[17:10:46] [warning] HAZEL: Pixel data = 50
[17:10:46] [warning] HAZEL: Pixel data = 50
[17:10:46] [warning] HAZEL: Pixel data = 50
[17:10:46] [warning] HAZEL: Pixel data = 50
[17:10:46] [warning] HAZEL: Pixel data = 50
[17:10:46] [warning] HAZEL: Pixel data = 50
[17:10:46] [warning] HAZEL: Pixel data = 50
[17:10:46] [warning] HAZEL: Pixel data = 50
[17:10:46] [warning] HAZEL: Pixel data = 50
[17:10:46] [warning] HAZEL: Pixel data = 50
[17:10:46] [warning] HAZEL: Pixel data = 50
[17:10:46] [warning] HAZEL: Pixel data = 50
[17:10:46] [warning] HAZEL: Pixel data = 50
[17:10:46] [warning] HAZEL: Pixel data = 1036831949
[17:10:46] [warning] HAZEL: Pixel data = 1036831949
[17:10:46] [warning] HAZEL: Pixel data = 1036831949
[17:10:46] [warning] HAZEL: Pixel data = 1036831949
[17:10:46] [warning] HAZEL: Pixel data = 1036831949
[17:10:46] [warning] HAZEL: Pixel data = 1036831949
[17:10:46] [warning] HAZEL: Pixel data = 1036831949
[17:10:46] [warning] HAZEL: Pixel data = 1036831949
[17:10:47] [warning] HAZEL: Pixel data = 1036831949
[17:10:47] [warning] HAZEL: Pixel data = 1036831949
[17:10:47] [warning] HAZEL: Pixel data = 1036831949
[17:10:47] [warning] HAZEL: Pixel data = 1036831949
[17:10:47] [warning] HAZEL: Pixel data = 1036831949
[17:10:47] [warning] HAZEL: Pixel data = 1036831949
[17:10:47] [warning] HAZEL: Pixel data = 1036831949
[17:10:47] [warning] HAZEL: Pixel data = 1036831949
[17:10:47] [warning] HAZEL: Pixel data = 1036831949
[17:10:47] [warning] HAZEL: Pixel data = 1036831949
[17:10:47] [warning] HAZEL: Pixel data = 1036831949
[17:10:47] [warning] HAZEL: Pixel data = 1036831949
[17:10:47] [warning] HAZEL: Pixel data = 1036831949
[17:10:47] [warning] HAZEL: Pixel data = 1036831949
[17:10:47] [warning] HAZEL: Pixel data = 1036831949
[17:10:47] [warning] HAZEL: Pixel data = 1036831949
[17:10:47] [warning] HAZEL: Pixel data = 1036831949
[17:10:47] [warning] HAZEL: Pixel data = 1036831949
[17:10:47] [warning] HAZEL: Pixel data = 1036831949
[17:10:47] [warning] HAZEL: Pixel data = 1036831949
[17:10:47] [warning] HAZEL: Pixel data = 1036831949
[17:10:47] [warning] HAZEL: Pixel data = 1036831949
[17:10:47] [warning] HAZEL: Pixel data = 1036831949
[17:10:47] [warning] HAZEL: Pixel data = 1036831949
[17:10:47] [warning] HAZEL: Pixel data = 1036831949
[17:10:47] [warning] HAZEL: Pixel data = 1036831949
[17:10:47] [warning] HAZEL: Pixel data = 1036831949
[17:10:47] [warning] HAZEL: Pixel data = 1036831949
[17:10:47] [warning] HAZEL: Pixel data = 1036831949
[17:10:47] [warning] HAZEL: Pixel data = 1036831949
[17:10:47] [warning] HAZEL: Pixel data = 1036831949
[17:10:47] [warning] HAZEL: Pixel data = 1036831949
[17:10:47] [warning] HAZEL: Pixel data = 1036831949
[17:10:47] [warning] HAZEL: Pixel data = 1036831949
[17:10:47] [warning] HAZEL: Pixel data = 1036831949
[17:10:47] [warning] HAZEL: Pixel data = 1036831949
[17:10:47] [warning] HAZEL: Pixel data = 1036831949
[17:10:47] [warning] HAZEL: Pixel data = 1036831949
[17:10:47] [warning] HAZEL: Pixel data = 1036831949
[17:10:47] [warning] HAZEL: Pixel data = 1036831949
[17:10:47] [warning] HAZEL: Pixel data = 1036831949
[17:10:47] [warning] HAZEL: Pixel data = 1036831949
[17:10:47] [warning] HAZEL: Pixel data = 1036831949
[17:10:47] [warning] HAZEL: Pixel data = 1036831949
[17:10:47] [warning] HAZEL: Pixel data = 1036831949
[17:10:47] [warning] HAZEL: Pixel data = 1036831949
[17:10:47] [warning] HAZEL: Pixel data = 1036831949
[17:10:47] [warning] HAZEL: Pixel data = 1036831949
[17:10:47] [warning] HAZEL: Pixel data = 1036831949
[17:10:47] [warning] HAZEL: Pixel data = 1036831949
[17:10:47] [warning] HAZEL: Pixel data = 1036831949
[17:10:47] [warning] HAZEL: Pixel data = 1036831949
[17:10:47] [warning] HAZEL: Pixel data = 1036831949
[17:10:47] [warning] HAZEL: Pixel data = 1036831949
[17:10:47] [warning] HAZEL: Pixel data = 1036831949
[17:10:47] [warning] HAZEL: Pixel data = 1036831949
[17:10:47] [warning] HAZEL: Pixel data = 1036831949
[17:10:47] [warning] HAZEL: Pixel data = 1036831949
[17:10:47] [warning] HAZEL: Pixel data = 1036831949
[17:10:47] [warning] HAZEL: Pixel data = 1036831949
[17:10:48] [warning] HAZEL: Pixel data = 1036831949
[17:10:48] [warning] HAZEL: Pixel data = 1036831949
[17:10:48] [warning] HAZEL: Pixel data = 1036831949
[17:10:48] [warning] HAZEL: Pixel data = 1036831949
[17:10:48] [warning] HAZEL: Pixel data = 1036831949
[17:10:48] [warning] HAZEL: Pixel data = 1036831949
[17:10:48] [warning] HAZEL: Pixel data = 1036831949
[17:10:48] [warning] HAZEL: Pixel data = 1036831949
[17:10:48] [warning] HAZEL: Pixel data = 1036831949
[17:10:48] [warning] HAZEL: Pixel data = 1036831949
[17:10:48] [warning] HAZEL: Pixel data = 1036831949
[17:10:48] [warning] HAZEL: Pixel data = 1036831949
[17:10:48] [warning] HAZEL: Pixel data = 1036831949
[17:10:48] [warning] HAZEL: Pixel data = 1036831949
[17:10:48] [warning] HAZEL: Pixel data = 1036831949
[17:10:48] [warning] HAZEL: Pixel data = 1036831949
[17:10:48] [warning] HAZEL: Pixel data = 1036831949
[17:10:48] [warning] HAZEL: Pixel data = 1036831949
[17:10:48] [warning] HAZEL: Pixel data = 1036831949
[17:10:48] [warning] HAZEL: Pixel data = 1036831949
[17:10:48] [warning] HAZEL: Pixel data = 1036831949
[17:10:48] [warning] HAZEL: Pixel data = 1036831949
[17:10:48] [warning] HAZEL: Pixel data = 1036831949
[17:10:48] [warning] HAZEL: Pixel data = 1036831949
[17:10:48] [warning] HAZEL: Pixel data = 1036831949
[17:10:48] [warning] HAZEL: Pixel data = 1036831949
[17:10:48] [warning] HAZEL: Pixel data = 1036831949
[17:10:48] [warning] HAZEL: Pixel data = 1036831949
[17:10:48] [warning] HAZEL: Pixel data = 1036831949
[17:10:48] [warning] HAZEL: Pixel data = 1036831949
[17:10:48] [warning] HAZEL: Pixel data = 1036831949
[17:10:48] [warning] HAZEL: Pixel data = 1036831949
[17:10:48] [warning] HAZEL: Pixel data = 1036831949
[17:10:48] [warning] HAZEL: Pixel data = 1036831949
[17:10:48] [warning] HAZEL: Pixel data = 1036831949
[17:10:48] [warning] HAZEL: Pixel data = 1036831949
[17:10:48] [warning] HAZEL: Pixel data = 1036831949
[17:10:48] [warning] HAZEL: Pixel data = 1036831949
[17:10:48] [warning] HAZEL: Pixel data = 1036831949
[17:10:48] [warning] HAZEL: Pixel data = 1036831949
[17:10:48] [warning] HAZEL: Pixel data = 1036831949
[17:10:48] [warning] HAZEL: Pixel data = 1036831949
[17:10:48] [warning] HAZEL: Pixel data = 1036831949
[17:10:48] [warning] HAZEL: Pixel data = 1036831949
[17:10:48] [warning] HAZEL: Pixel data = 1036831949
[17:10:48] [warning] HAZEL: Pixel data = 1036831949
[17:10:48] [warning] HAZEL: Pixel data = 1036831949
[17:10:48] [warning] HAZEL: Pixel data = 1036831949
[17:10:48] [warning] HAZEL: Pixel data = 1036831949
[17:10:48] [warning] HAZEL: Pixel data = 1036831949
[17:10:48] [warning] HAZEL: Pixel data = 1036831949
[17:10:48] [warning] HAZEL: Pixel data = 1036831949
[17:10:48] [warning] HAZEL: Pixel data = 1036831949
[17:10:48] [warning] HAZEL: Pixel data = 1036831949
[17:10:48] [warning] HAZEL: Pixel data = 1036831949
[17:10:48] [warning] HAZEL: Pixel data = 1036831949
[17:10:48] [warning] HAZEL: Pixel data = 1036831949
[17:10:48] [warning] HAZEL: Pixel data = 1036831949
[17:10:48] [warning] HAZEL: Pixel data = 1036831949
[17:10:48] [warning] HAZEL: Pixel data = 1036831949
[17:10:49] [warning] HAZEL: Pixel data = 1036831949
[17:10:49] [warning] HAZEL: Pixel data = 1036831949
[17:10:49] [warning] HAZEL: Pixel data = 1036831949
[17:10:49] [warning] HAZEL: Pixel data = 1036831949
[17:10:49] [warning] HAZEL: Pixel data = 1036831949
[17:10:49] [warning] HAZEL: Pixel data = 1036831949
[17:10:49] [warning] HAZEL: Pixel data = 1036831949
[17:10:49] [warning] HAZEL: Pixel data = 1036831949
[17:10:49] [warning] HAZEL: Pixel data = 1036831949
[17:10:49] [warning] HAZEL: Pixel data = 1036831949
[17:10:49] [warning] HAZEL: Pixel data = 1036831949
[17:10:49] [warning] HAZEL: Pixel data = 1036831949
[17:10:49] [warning] HAZEL: Pixel data = 1036831949
[17:10:49] [warning] HAZEL: Pixel data = 1036831949
[17:10:49] [warning] HAZEL: Pixel data = 1036831949
[17:10:49] [warning] HAZEL: Pixel data = 1036831949
[17:10:49] [warning] HAZEL: Pixel data = 1036831949
[17:10:49] [warning] HAZEL: Pixel data = 1036831949
[17:10:49] [warning] HAZEL: Pixel data = 1036831949
[17:10:49] [warning] HAZEL: Pixel data = 1036831949
[17:10:49] [warning] HAZEL: Pixel data = 1036831949
[17:10:49] [warning] HAZEL: Pixel data = 1036831949
[17:10:49] [warning] HAZEL: Pixel data = 1036831949
[17:10:49] [warning] HAZEL: Pixel data = 1036831949
[17:10:49] [warning] HAZEL: Pixel data = 1036831949
[17:10:49] [warning] HAZEL: Pixel data = 1036831949
[17:10:49] [warning] HAZEL: Pixel data = 1036831949
[17:10:49] [warning] HAZEL: Pixel data = 1036831949
[17:10:49] [warning] HAZEL: Pixel data = 1036831949
[17:10:49] [warning] HAZEL: Pixel data = 1036831949
[17:10:49] [warning] HAZEL: Pixel data = 1036831949
[17:10:49] [warning] HAZEL: Pixel data = 1036831949
[17:10:49] [warning] HAZEL: Pixel data = 1036831949
[17:10:49] [warning] HAZEL: Pixel data = 1036831949
[17:10:49] [warning] HAZEL: Pixel data = 1036831949
[17:10:49] [warning] HAZEL: Pixel data = 1036831949
[17:10:49] [warning] HAZEL: Pixel data = 1036831949
[17:10:49] [warning] HAZEL: Pixel data = 1036831949
[17:10:49] [warning] HAZEL: Pixel data = 1036831949
[17:10:49] [warning] HAZEL: Pixel data = 1036831949
[17:10:49] [warning] HAZEL: Pixel data = 1036831949
[17:10:49] [warning] HAZEL: Pixel data = 1036831949
[17:10:49] [warning] HAZEL: Pixel data = 1036831949
[17:10:49] [warning] HAZEL: Pixel data = 1036831949
[17:10:49] [warning] HAZEL: Pixel data = 1036831949
[17:10:49] [warning] HAZEL: Pixel data = 1036831949
[17:10:49] [warning] HAZEL: Pixel data = 1036831949
[17:10:49] [warning] HAZEL: Pixel data = 1036831949
[17:10:49] [warning] HAZEL: Pixel data = 1036831949
[17:10:49] [warning] HAZEL: Pixel data = 1036831949
[17:10:49] [warning] HAZEL: Pixel data = 1036831949
[17:10:49] [warning] HAZEL: Pixel data = 1036831949
[17:10:49] [warning] HAZEL: Pixel data = 1036831949
[17:10:49] [warning] HAZEL: Pixel data = 1036831949
[17:10:49] [warning] HAZEL: Pixel data = 1036831949
[17:10:49] [warning] HAZEL: Pixel data = 1036831949
[17:10:49] [warning] HAZEL: Pixel data = 1036831949
[17:10:49] [warning] HAZEL: Pixel data = 1036831949
[17:10:49] [warning] HAZEL: Pixel data = 1036831949
[17:10:49] [warning] HAZEL: Pixel data = 1036831949
[17:10:50] [warning] HAZEL: Pixel data = 1036831949
[17:10:50] [warning] HAZEL: Pixel data = 1036831949
[17:10:50] [warning] HAZEL: Pixel data = 1036831949
[17:10:50] [warning] HAZEL: Pixel data = 1036831949
[17:10:50] [warning] HAZEL: Pixel data = 1036831949
[17:10:50] [warning] HAZEL: Pixel data = 1036831949
[17:10:50] [warning] HAZEL: Pixel data = 1036831949
[17:10:50] [warning] HAZEL: Pixel data = 1036831949
[17:10:50] [warning] HAZEL: Pixel data = 1036831949
[17:10:50] [warning] HAZEL: Pixel data = 1036831949
[17:10:50] [warning] HAZEL: Pixel data = 1036831949
[17:10:50] [warning] HAZEL: Pixel data = 1036831949
[17:10:50] [warning] HAZEL: Pixel data = 1036831949
[17:10:50] [warning] HAZEL: Pixel data = 1036831949
[17:10:50] [warning] HAZEL: Pixel data = 50
[17:10:50] [warning] HAZEL: Pixel data = 50
[17:10:50] [warning] HAZEL: Pixel data = 50
[17:10:50] [warning] HAZEL: Pixel data = 50
[17:10:50] [warning] HAZEL: Pixel data = 50
[17:10:50] [warning] HAZEL: Pixel data = 50
[17:10:50] [warning] HAZEL: Pixel data = 50
[17:10:50] [warning] HAZEL: Pixel data = 50
[17:10:50] [warning] HAZEL: Pixel data = 50
[17:10:50] [warning] HAZEL: Pixel data = 50
[17:10:50] [warning] HAZEL: Pixel data = 50
[17:10:50] [warning] HAZEL: Pixel data = 50
[17:10:50] [warning] HAZEL: Pixel data = 50
[17:10:50] [warning] HAZEL: Pixel data = 50
[17:10:50] [warning] HAZEL: Pixel data = 50
[17:10:50] [warning] HAZEL: Pixel data = 50
[17:10:50] [warning] HAZEL: Pixel data = 50
[17:10:50] [warning] HAZEL: Pixel data = 50
[17:10:50] [warning] HAZEL: Pixel data = 50
[17:10:50] [warning] HAZEL: Pixel data = 50
[17:10:50] [warning] HAZEL: Pixel data = 50
[17:10:50] [warning] HAZEL: Pixel data = 50
[17:10:50] [warning] HAZEL: Pixel data = 50
[17:10:50] [warning] HAZEL: Pixel data = 50
[17:10:50] [warning] HAZEL: Pixel data = 50
[17:10:50] [warning] HAZEL: Pixel data = 50
[17:10:50] [warning] HAZEL: Pixel data = 50
[17:10:50] [warning] HAZEL: Pixel data = 50
[17:10:50] [warning] HAZEL: Pixel data = 50
[17:10:50] [warning] HAZEL: Pixel data = 50
[17:10:50] [warning] HAZEL: Pixel data = 50
[17:10:50] [warning] HAZEL: Pixel data = 50
[17:10:50] [warning] HAZEL: Pixel data = 50
[17:10:50] [warning] HAZEL: Pixel data = 50
[17:10:50] [warning] HAZEL: Pixel data = 50
[17:10:50] [warning] HAZEL: Pixel data = 50
[17:10:50] [warning] HAZEL: Pixel data = 50
[17:10:50] [warning] HAZEL: Pixel data = 50
[17:10:50] [warning] HAZEL: Pixel data = 50
[17:10:50] [warning] HAZEL: Pixel data = 50
[17:10:50] [warning] HAZEL: Pixel data = 50
[17:10:50] [warning] HAZEL: Pixel data = 50
[17:10:50] [warning] HAZEL: Pixel data = 50
[17:10:50] [warning] HAZEL: Pixel data = 50
[17:10:50] [warning] HAZEL: Pixel data = 50
[17:10:50] [warning] HAZEL: Pixel data = 50
[17:10:51] [warning] HAZEL: Pixel data = 50
[17:10:51] [warning] HAZEL: Pixel data = 50
[17:10:51] [warning] HAZEL: Pixel data = 50
[17:10:51] [warning] HAZEL: Pixel data = 50
[17:10:51] [warning] HAZEL: Pixel data = 50
[17:10:51] [warning] HAZEL: Pixel data = 50
[17:10:51] [warning] HAZEL: Pixel data = 50
[17:10:51] [warning] HAZEL: Pixel data = 50
[17:10:51] [warning] HAZEL: Pixel data = 50
[17:10:51] [warning] HAZEL: Pixel data = 50
[17:10:51] [warning] HAZEL: Pixel data = 50
[17:10:51] [warning] HAZEL: Pixel data = 50
[17:10:51] [warning] HAZEL: Pixel data = 50
[17:10:51] [warning] HAZEL: Pixel data = 50
[17:10:51] [warning] HAZEL: Pixel data = 50
[17:10:51] [warning] HAZEL: Pixel data = 50
[17:10:51] [warning] HAZEL: Pixel data = 50
[17:10:51] [warning] HAZEL: Pixel data = 50
[17:10:51] [warning] HAZEL: Pixel data = 50
[17:10:51] [warning] HAZEL: Pixel data = 50
[17:10:51] [warning] HAZEL: Pixel data = 50
[17:10:51] [warning] HAZEL: Pixel data = 50
[17:10:51] [warning] HAZEL: Pixel data = 50
[17:10:51] [warning] HAZEL: Pixel data = 50
[17:10:51] [warning] HAZEL: Pixel data = 50
[17:10:51] [warning] HAZEL: Pixel data = 50
[17:10:51] [warning] HAZEL: Pixel data = 50
[17:10:51] [warning] HAZEL: Pixel data = 50
[17:10:51] [warning] HAZEL: Pixel data = 50
[17:10:51] [warning] HAZEL: Pixel data = 50
[17:10:51] [warning] HAZEL: Pixel data = 50
[17:10:51] [warning] HAZEL: Pixel data = 50
[17:10:51] [warning] HAZEL: Pixel data = 50
[17:10:51] [warning] HAZEL: Pixel data = 50
[17:10:51] [warning] HAZEL: Pixel data = 50
[17:10:51] [warning] HAZEL: Pixel data = 50
[17:10:51] [warning] HAZEL: Pixel data = 50
[17:10:51] [warning] HAZEL: Pixel data = 50
[17:10:51] [warning] HAZEL: Pixel data = 50
[17:10:51] [warning] HAZEL: Pixel data = 50
[17:10:51] [warning] HAZEL: Pixel data = 50
[17:10:51] [warning] HAZEL: Pixel data = 50
[17:10:51] [warning] HAZEL: Pixel data = 50
[17:10:51] [warning] HAZEL: Pixel data = 50
[17:10:51] [warning] HAZEL: Pixel data = 50
[17:10:51] [warning] HAZEL: Pixel data = 50
[17:10:51] [warning] HAZEL: Pixel data = 50
[17:10:51] [warning] HAZEL: Pixel data = 50
[17:10:51] [warning] HAZEL: Pixel data = 50
[17:10:51] [warning] HAZEL: Pixel data = 50
[17:10:51] [warning] HAZEL: Pixel data = 50
[17:10:51] [warning] HAZEL: Pixel data = 50
[17:10:51] [warning] HAZEL: Pixel data = 50
[17:10:51] [warning] HAZEL: Pixel data = 50
[17:10:51] [warning] HAZEL: Pixel data = 50
[17:10:51] [warning] HAZEL: Pixel data = 50
[17:10:51] [warning] HAZEL: Pixel data = 50
[17:10:51] [warning] HAZEL: Pixel data = 50
[17:10:51] [warning] HAZEL: Pixel data = 50
[17:10:51] [warning] HAZEL: Pixel data = 50
[17:10:52] [warning] HAZEL: Pixel data = 50
[17:10:52] [warning] HAZEL: Pixel data = 50
[17:10:52] [warning] HAZEL: Pixel data = 1036831949
[17:10:52] [warning] HAZEL: Pixel data = 1036831949
[17:10:52] [warning] HAZEL: Pixel data = 1036831949
[17:10:52] [warning] HAZEL: Pixel data = 1036831949
[17:10:52] [warning] HAZEL: Pixel data = 1036831949
[17:10:52] [warning] HAZEL: Pixel data = 1036831949
[17:10:52] [warning] HAZEL: Pixel data = 1036831949
[17:10:52] [warning] HAZEL: Pixel data = 1036831949
